<?xml version="1.0" encoding="UTF-8"?>
<testsuite xmlns:xsi="http://www.w3.org/2001/XMLSchema-instance" xsi:noNamespaceSchemaLocation="https://maven.apache.org/surefire/maven-surefire-plugin/xsd/surefire-test-report-3.0.xsd" version="3.0" name="com.dogapi.tests.RunCucumberTest" time="8.471" tests="10" errors="0" skipped="0" failures="0">
  <properties>
[...]
</properties>
  <testcase name="Solicitar imagens de uma raça existente" classname="Obter imagens de uma raça específica" time="2.616">
    <system-out><![CDATA[
CenÃ¡rio: Solicitar imagens de uma raÃ§a existente                      # src/test/resources/features/get_breed_images.feature:4
  Dado que eu tenha Uma url vÃ¡lida da dogAPI                          # com.dogapi.tests.steps.CommonSteps.queEuTenhaUmaUrlValidaDaDogAPI()
  Quando envio uma solicitaÃ§Ã£o para obter imagens da raÃ§a "retriever" # com.dogapi.tests.steps.GetBreedImagesSteps.envioUmaSolicitacaoParaObterImagensDaRaca(java.lang.String)
  EntÃ£o o cÃ³digo de status da resposta deve ser 200                   # com.dogapi.tests.steps.CommonSteps.o_codigo_de_status_da_resposta_deve_ser(java.lang.Integer)
  E a resposta deve conter uma lista de URLs de imagem                # com.dogapi.tests.steps.GetBreedImagesSteps.aRespostaDeveConterUmaListaDeUrlsDeImagem()
]]></system-out>
  </testcase>
  <testcase name="Solicitar imagens de uma raça inexistente" classname="Obter imagens de uma raça específica" time="0.704">
    <system-out><![CDATA[
CenÃ¡rio: Solicitar imagens de uma raÃ§a inexistente                      # src/test/resources/features/get_breed_images.feature:10
  Dado que eu tenha Uma url vÃ¡lida da dogAPI                            # com.dogapi.tests.steps.CommonSteps.queEuTenhaUmaUrlValidaDaDogAPI()
  Quando envio uma solicitaÃ§Ã£o para obter imagens da raÃ§a "inexistente" # com.dogapi.tests.steps.GetBreedImagesSteps.envioUmaSolicitacaoParaObterImagensDaRaca(java.lang.String)
  EntÃ£o o cÃ³digo de status da resposta deve ser 404                     # com.dogapi.tests.steps.CommonSteps.o_codigo_de_status_da_resposta_deve_ser(java.lang.Integer)
]]></system-out>
  </testcase>
  <testcase name="Solicitar uma imagem aleatória com sucesso" classname="Obter uma imagem aleatória de um cão" time="0.679">
    <system-out><![CDATA[
CenÃ¡rio: Solicitar uma imagem aleatÃ³ria com sucesso                      # src/test/resources/features/get_random_image.feature:5
  Dado que eu tenha Uma url vÃ¡lida da dogAPI                             # com.dogapi.tests.steps.CommonSteps.queEuTenhaUmaUrlValidaDaDogAPI()
  Quando envio uma solicitaÃ§Ã£o para obter uma imagem aleatÃ³ria de um cÃ£o # com.dogapi.tests.steps.GetRandomImageSteps.envioUmaSolicitacaoParaObterUmaImagemAleatoriaDeUmCao()
  EntÃ£o o cÃ³digo de status da resposta deve ser 200                      # com.dogapi.tests.steps.CommonSteps.o_codigo_de_status_da_resposta_deve_ser(java.lang.Integer)
  E a resposta deve conter uma URL de imagem                             # com.dogapi.tests.steps.GetRandomImageSteps.aRespostaDeveConterUmaUrlDeImagem()
  E a resposta deve ter a chave status como "success"                    # com.dogapi.tests.steps.CommonSteps.a_resposta_deve_ter_a_chave_status_como(java.lang.String)
]]></system-out>
  </testcase>
  <testcase name="Tentar obter uma imagem aleatória usando o método PUT" classname="Obter uma imagem aleatória de um cão" time="0.674">
    <system-out><![CDATA[
CenÃ¡rio: Tentar obter uma imagem aleatÃ³ria usando o mÃ©todo PUT               # src/test/resources/features/get_random_image.feature:12
  Dado que eu tenha Uma url vÃ¡lida da dogAPI                                 # com.dogapi.tests.steps.CommonSteps.queEuTenhaUmaUrlValidaDaDogAPI()
  Quando envio uma solicitaÃ§Ã£o PUT para obter uma imagem aleatÃ³ria de um cÃ£o # com.dogapi.tests.steps.GetRandomImageSteps.envioUmaSolicitacaoPutParaObterUmaImagemAleatoriaDeUmCao()
  EntÃ£o o cÃ³digo de status da resposta deve ser 405                          # com.dogapi.tests.steps.CommonSteps.o_codigo_de_status_da_resposta_deve_ser(java.lang.Integer)
  E a resposta deve ter a chave status como "error"                          # com.dogapi.tests.steps.CommonSteps.a_resposta_deve_ter_a_chave_status_como(java.lang.String)
]]></system-out>
  </testcase>
  <testcase name="Verificar tempo de resposta para obter imagem aleatória" classname="Obter uma imagem aleatória de um cão" time="0.527">
    <system-out><![CDATA[
CenÃ¡rio: Verificar tempo de resposta para obter imagem aleatÃ³ria         # src/test/resources/features/get_random_image.feature:18
  Dado que eu tenha Uma url vÃ¡lida da dogAPI                             # com.dogapi.tests.steps.CommonSteps.queEuTenhaUmaUrlValidaDaDogAPI()
  Quando envio uma solicitaÃ§Ã£o para obter uma imagem aleatÃ³ria de um cÃ£o # com.dogapi.tests.steps.GetRandomImageSteps.envioUmaSolicitacaoParaObterUmaImagemAleatoriaDeUmCao()
  EntÃ£o o cÃ³digo de status da resposta deve ser 200                      # com.dogapi.tests.steps.CommonSteps.o_codigo_de_status_da_resposta_deve_ser(java.lang.Integer)
  E o tempo de resposta deve ser menor que 1 segundo                     # com.dogapi.tests.steps.GetRandomImageSteps.oTempoDeRespostaDeveSerMenorQue(int)
]]></system-out>
  </testcase>
  <testcase name="Verificar o formato da URL de imagem" classname="Obter uma imagem aleatória de um cão" time="0.72">
    <system-out><![CDATA[
CenÃ¡rio: Verificar o formato da URL de imagem                            # src/test/resources/features/get_random_image.feature:24
  Dado que eu tenha Uma url vÃ¡lida da dogAPI                             # com.dogapi.tests.steps.CommonSteps.queEuTenhaUmaUrlValidaDaDogAPI()
  Quando envio uma solicitaÃ§Ã£o para obter uma imagem aleatÃ³ria de um cÃ£o # com.dogapi.tests.steps.GetRandomImageSteps.envioUmaSolicitacaoParaObterUmaImagemAleatoriaDeUmCao()
  EntÃ£o o cÃ³digo de status da resposta deve ser 200                      # com.dogapi.tests.steps.CommonSteps.o_codigo_de_status_da_resposta_deve_ser(java.lang.Integer)
  E a URL de imagem deve comeÃ§ar com "https://"                          # com.dogapi.tests.steps.GetRandomImageSteps.aUrlDeImagemDeveComecarCom(java.lang.String)
]]></system-out>
  </testcase>
  <testcase name="Solicitar a lista de raças com sucesso" classname="Listar todas as raças de cães" time="0.53">
    <system-out><![CDATA[
CenÃ¡rio: Solicitar a lista de raÃ§as com sucesso           # src/test/resources/features/list_breeds.feature:5
  Dado que eu tenha Uma url vÃ¡lida da dogAPI              # com.dogapi.tests.steps.CommonSteps.queEuTenhaUmaUrlValidaDaDogAPI()
  Quando envio uma solicitaÃ§Ã£o para listar todas as raÃ§as # com.dogapi.tests.steps.GetAllBreedsSteps.envioUmaSolicitacaoParaListarTodasAsRacas()
  EntÃ£o o cÃ³digo de status da resposta deve ser 200       # com.dogapi.tests.steps.CommonSteps.o_codigo_de_status_da_resposta_deve_ser(java.lang.Integer)
  E a resposta deve conter uma lista de raÃ§as             # com.dogapi.tests.steps.GetAllBreedsSteps.aRespostaDeveConterUmaListaDeRacas()
  E a resposta deve ter a chave status como "success"     # com.dogapi.tests.steps.CommonSteps.a_resposta_deve_ter_a_chave_status_como(java.lang.String)
]]></system-out>
  </testcase>
  <testcase name="Tentar listar raças usando um endpoint incorreto" classname="Listar todas as raças de cães" time="0.621">
    <system-out><![CDATA[
CenÃ¡rio: Tentar listar raÃ§as usando um endpoint incorreto # src/test/resources/features/list_breeds.feature:12
  Dado que eu tenha Uma url invÃ¡lida da dogAPI            # com.dogapi.tests.steps.CommonSteps.queEuTenhaUmaUrlInvalidaDaDogAPI()
  Quando envio uma solicitaÃ§Ã£o para um endpoint incorreto # com.dogapi.tests.steps.GetAllBreedsSteps.envioUmaSolicitacaoParaUmEndpointIncorreto()
  EntÃ£o o cÃ³digo de status da resposta deve ser 404       # com.dogapi.tests.steps.CommonSteps.o_codigo_de_status_da_resposta_deve_ser(java.lang.Integer)
  E a resposta deve ter a chave status como "error"       # com.dogapi.tests.steps.CommonSteps.a_resposta_deve_ter_a_chave_status_como(java.lang.String)
]]></system-out>
  </testcase>
  <testcase name="Tentar listar raças usando o método POST" classname="Listar todas as raças de cães" time="0.569">
    <system-out><![CDATA[
CenÃ¡rio: Tentar listar raÃ§as usando o mÃ©todo POST              # src/test/resources/features/list_breeds.feature:18
  Dado que eu tenha Uma url vÃ¡lida da dogAPI                   # com.dogapi.tests.steps.CommonSteps.queEuTenhaUmaUrlValidaDaDogAPI()
  Quando envio uma solicitaÃ§Ã£o POST para listar todas as raÃ§as # com.dogapi.tests.steps.GetAllBreedsSteps.envioUmaSolicitacaoPostParaListarTodasAsRacas()
  EntÃ£o o cÃ³digo de status da resposta deve ser 405            # com.dogapi.tests.steps.CommonSteps.o_codigo_de_status_da_resposta_deve_ser(java.lang.Integer)
  E a resposta deve ter a chave status como "error"            # com.dogapi.tests.steps.CommonSteps.a_resposta_deve_ter_a_chave_status_como(java.lang.String)
]]></system-out>
  </testcase>
  <testcase name="Verificar tempo de resposta para listar todas as raças" classname="Listar todas as raças de cães" time="0.602">
    <system-out><![CDATA[
CenÃ¡rio: Verificar tempo de resposta para listar todas as raÃ§as # src/test/resources/features/list_breeds.feature:24
  Dado que eu tenha Uma url vÃ¡lida da dogAPI                    # com.dogapi.tests.steps.CommonSteps.queEuTenhaUmaUrlValidaDaDogAPI()
  Quando envio uma solicitaÃ§Ã£o para listar todas as raÃ§as       # com.dogapi.tests.steps.GetAllBreedsSteps.envioUmaSolicitacaoParaListarTodasAsRacas()
  EntÃ£o o cÃ³digo de status da resposta deve ser 200             # com.dogapi.tests.steps.CommonSteps.o_codigo_de_status_da_resposta_deve_ser(java.lang.Integer)
  E o tempo de resposta deve ser menor que 2 segundos           # com.dogapi.tests.steps.GetAllBreedsSteps.oTempoDeRespostaDeveSerMenorQue(int)
]]></system-out>
  </testcase>
</testsuite>